
Running check 'Phase 1: Preparation'
=================
APT Repositories:
=================
Repos:     No active apt repos in: /etc/apt/sources.list 
           Active apt repos in: /etc/apt/sources.list.d/github-cli.list 
           1: deb [arch=amd64 signed-by=/etc/apt/keyrings/githubcli-archive-keyring.gpg] https://cli.github.com/packages stable main
           Active apt repos in: /etc/apt/sources.list.d/google-chrome.list 
           1: deb [arch=amd64] https://dl.google.com/linux/chrome/deb/ stable main
           Active apt repos in: /etc/apt/sources.list.d/official-package-repositories.list 
           1: deb http://packages.linuxmint.com una main upstream import backport #id:linuxmint_main
           2: deb http://archive.ubuntu.com/ubuntu focal main restricted universe multiverse
           3: deb http://archive.ubuntu.com/ubuntu focal-updates main restricted universe multiverse
           4: deb http://archive.ubuntu.com/ubuntu focal-backports main restricted universe multiverse
           5: deb http://security.ubuntu.com/ubuntu/ focal-security main restricted universe multiverse
           6: deb http://archive.canonical.com/ubuntu/ focal partner
           Active apt repos in: /etc/apt/sources.list.d/pgadmin4.list 
           1: deb [signed-by=/usr/share/keyrings/packages-pgadmin-org.gpg] https://ftp.postgresql.org/pub/pgadmin/pgadmin4/apt/bullseye pgadmin4 main
           Active apt repos in: /etc/apt/sources.list.d/spotify.list 
           1: deb http://repository.spotify.com stable non-free
           Active apt repos in: /etc/apt/sources.list.d/wereturtle-ppa-focal.list 
           1: deb [signed-by=/etc/apt/keyrings/wereturtle-ppa-focal.gpg] https://ppa.launchpadcontent.net/wereturtle/ppa/ubuntu focal main
=================

Running check 'Linux Mint version'
Check succeeded:  Linux Mint version

Running check 'Power source'
Check succeeded:  Power source

Running check 'APT cache'
rm -rf /var/lib/apt/lists/*
DEBIAN_PRIORITY=critical apt-get update
Get:2 http://archive.canonical.com/ubuntu focal InRelease [12.2 kB]
Get:1 https://repository.spotify.com stable InRelease [3,316 B]
Get:3 https://cli.github.com/packages stable InRelease [3,917 B]
Get:4 https://dl.google.com/linux/chrome/deb stable InRelease [1,825 B]
Get:5 http://archive.ubuntu.com/ubuntu focal InRelease [265 kB]
Get:6 http://security.ubuntu.com/ubuntu focal-security InRelease [128 kB]
Get:7 https://ftp.postgresql.org/pub/pgadmin/pgadmin4/apt/bullseye pgadmin4 InRelease [4,217 B]
Get:8 https://ppa.launchpadcontent.net/wereturtle/ppa/ubuntu focal InRelease [18.1 kB]
Ign:9 http://packages.linuxmint.com una InRelease
Get:10 http://packages.linuxmint.com una Release [24.1 kB]
Get:11 http://packages.linuxmint.com una Release.gpg [833 B]
Get:12 http://archive.ubuntu.com/ubuntu focal-updates InRelease [128 kB]
Get:13 http://archive.ubuntu.com/ubuntu focal-backports InRelease [128 kB]
Err:1 https://repository.spotify.com stable InRelease
  The following signatures couldn't be verified because the public key is not available: NO_PUBKEY C85668DF69375001
Get:14 https://cli.github.com/packages stable/main amd64 Packages [347 B]
Get:15 https://dl.google.com/linux/chrome/deb stable/main amd64 Packages [1,211 B]
Get:16 https://ftp.postgresql.org/pub/pgadmin/pgadmin4/apt/bullseye pgadmin4/main all Packages [3,497 B]
Get:17 https://ftp.postgresql.org/pub/pgadmin/pgadmin4/apt/bullseye pgadmin4/main amd64 Packages [5,957 B]
Get:18 http://security.ubuntu.com/ubuntu focal-security/main amd64 Packages [3,564 kB]
Get:19 http://packages.linuxmint.com una/main amd64 Packages [16.2 kB]
Get:20 http://security.ubuntu.com/ubuntu focal-security/main i386 Packages [881 kB]
Get:21 https://ppa.launchpadcontent.net/wereturtle/ppa/ubuntu focal/main amd64 Packages [648 B]
Get:22 http://security.ubuntu.com/ubuntu focal-security/main Translation-en [518 kB]
Get:23 http://packages.linuxmint.com una/main i386 Packages [15.6 kB]
Get:24 http://security.ubuntu.com/ubuntu focal-security/main amd64 DEP-11 Metadata [74.8 kB]
Get:25 http://archive.ubuntu.com/ubuntu focal/main amd64 Packages [970 kB]
Get:26 http://security.ubuntu.com/ubuntu focal-security/main DEP-11 48x48 Icons [27.5 kB]
Get:27 http://security.ubuntu.com/ubuntu focal-security/main DEP-11 64x64 Icons [47.5 kB]
Get:28 http://packages.linuxmint.com una/main amd64 Contents (deb) [571 kB]
Get:29 http://security.ubuntu.com/ubuntu focal-security/main DEP-11 64x64@2 Icons [29 B]
Get:30 http://security.ubuntu.com/ubuntu focal-security/main DEP-11 128x128 Icons [98.2 kB]
Get:31 http://security.ubuntu.com/ubuntu focal-security amd64 Contents (deb) [316 MB]
Get:32 https://ppa.launchpadcontent.net/wereturtle/ppa/ubuntu focal/main Translation-en [512 B]
Get:33 http://packages.linuxmint.com una/main i386 Contents (deb) [571 kB]
Get:34 http://archive.ubuntu.com/ubuntu focal/main i386 Packages [718 kB]
Get:35 http://archive.ubuntu.com/ubuntu focal/main Translation-en [506 kB]
Get:36 http://archive.ubuntu.com/ubuntu focal/main amd64 DEP-11 Metadata [494 kB]
Get:37 http://packages.linuxmint.com una/upstream i386 Packages [13.5 kB]
Get:38 http://packages.linuxmint.com una/upstream amd64 Packages [50.4 kB]
Get:39 http://archive.ubuntu.com/ubuntu focal/main DEP-11 48x48 Icons [98.4 kB]
Get:40 http://packages.linuxmint.com una/upstream i386 Contents (deb) [53.4 kB]
Get:41 http://archive.ubuntu.com/ubuntu focal/main DEP-11 64x64 Icons [163 kB]
Get:42 http://packages.linuxmint.com una/upstream amd64 Contents (deb) [80.0 kB]
Get:43 http://archive.ubuntu.com/ubuntu focal/main DEP-11 64x64@2 Icons [15.8 kB]
Get:44 http://packages.linuxmint.com una/import amd64 Packages [7,783 B]
Get:45 http://archive.ubuntu.com/ubuntu focal/main DEP-11 128x128 Icons [367 kB]
Get:46 http://packages.linuxmint.com una/import i386 Packages [3,273 B]
Get:47 http://archive.ubuntu.com/ubuntu focal i386 Contents (deb) [32.2 MB]
Get:48 http://packages.linuxmint.com una/import amd64 Contents (deb) [9,401 B]
Get:49 http://packages.linuxmint.com una/import i386 Contents (deb) [1,963 B]
Get:50 http://packages.linuxmint.com una/backport i386 Packages [27.1 kB]
Get:51 http://packages.linuxmint.com una/backport amd64 Packages [90.3 kB]
Get:52 http://packages.linuxmint.com una/backport i386 Contents (deb) [258 kB]
Get:53 http://packages.linuxmint.com una/backport amd64 Contents (deb) [330 kB]
Get:54 http://archive.ubuntu.com/ubuntu focal amd64 Contents (deb) [40.9 MB]
Get:55 http://archive.ubuntu.com/ubuntu focal/main amd64 c-n-f Metadata [29.5 kB]
Get:56 http://archive.ubuntu.com/ubuntu focal/restricted amd64 Packages [22.0 kB]
Get:57 http://archive.ubuntu.com/ubuntu focal/restricted i386 Packages [8,112 B]
Get:58 http://archive.ubuntu.com/ubuntu focal/restricted Translation-en [6,212 B]
Get:59 http://archive.ubuntu.com/ubuntu focal/restricted amd64 c-n-f Metadata [392 B]
Get:60 http://archive.ubuntu.com/ubuntu focal/universe i386 Packages [4,642 kB]
Get:61 http://archive.ubuntu.com/ubuntu focal/universe amd64 Packages [8,628 kB]
Get:62 http://archive.ubuntu.com/ubuntu focal/universe Translation-en [5,124 kB]
Get:63 http://archive.ubuntu.com/ubuntu focal/universe amd64 DEP-11 Metadata [3,603 kB]
Get:64 http://archive.ubuntu.com/ubuntu focal/universe DEP-11 48x48 Icons [3,016 kB]
Get:65 http://archive.ubuntu.com/ubuntu focal/universe DEP-11 64x64 Icons [7,794 kB]
Get:66 http://archive.ubuntu.com/ubuntu focal/universe DEP-11 64x64@2 Icons [44.3 kB]
Get:67 http://archive.ubuntu.com/ubuntu focal/universe DEP-11 128x128 Icons [14.3 MB]
Get:68 http://archive.ubuntu.com/ubuntu focal/universe amd64 c-n-f Metadata [265 kB]
Get:69 http://archive.ubuntu.com/ubuntu focal/multiverse amd64 Packages [144 kB]
Get:70 http://archive.ubuntu.com/ubuntu focal/multiverse i386 Packages [74.7 kB]
Get:71 http://archive.ubuntu.com/ubuntu focal/multiverse Translation-en [104 kB]
Get:72 http://archive.ubuntu.com/ubuntu focal/multiverse amd64 DEP-11 Metadata [48.4 kB]
Get:73 http://archive.ubuntu.com/ubuntu focal/multiverse DEP-11 48x48 Icons [23.1 kB]
Get:74 http://archive.ubuntu.com/ubuntu focal/multiverse DEP-11 64x64 Icons [192 kB]
Get:75 http://archive.ubuntu.com/ubuntu focal/multiverse DEP-11 64x64@2 Icons [214 B]
Get:76 http://archive.ubuntu.com/ubuntu focal/multiverse DEP-11 128x128 Icons [326 kB]
Get:77 http://archive.ubuntu.com/ubuntu focal/multiverse amd64 c-n-f Metadata [9,136 B]
Get:78 http://archive.ubuntu.com/ubuntu focal-updates/main amd64 Packages [3,955 kB]
Get:79 http://archive.ubuntu.com/ubuntu focal-updates/main i386 Packages [1,114 kB]
Get:80 http://archive.ubuntu.com/ubuntu focal-updates/main Translation-en [600 kB]
Get:81 http://archive.ubuntu.com/ubuntu focal-updates/main amd64 DEP-11 Metadata [276 kB]
Get:82 http://archive.ubuntu.com/ubuntu focal-updates/main DEP-11 48x48 Icons [64.2 kB]
Get:83 http://archive.ubuntu.com/ubuntu focal-updates/main DEP-11 64x64 Icons [103 kB]
Get:84 http://archive.ubuntu.com/ubuntu focal-updates/main DEP-11 64x64@2 Icons [29 B]
Get:85 http://archive.ubuntu.com/ubuntu focal-updates/main DEP-11 128x128 Icons [211 kB]
Get:86 http://archive.ubuntu.com/ubuntu focal-updates amd64 Contents (deb) [331 MB]
Get:87 http://archive.ubuntu.com/ubuntu focal-updates i386 Contents (deb) [147 MB]
Get:88 http://security.ubuntu.com/ubuntu focal-security i386 Contents (deb) [139 MB]
Get:89 http://security.ubuntu.com/ubuntu focal-security/main amd64 c-n-f Metadata [14.4 kB]
Get:90 http://security.ubuntu.com/ubuntu focal-security/restricted amd64 Packages [3,768 kB]
Get:91 http://security.ubuntu.com/ubuntu focal-security/restricted i386 Packages [42.5 kB]
Get:92 http://security.ubuntu.com/ubuntu focal-security/restricted Translation-en [527 kB]
Get:93 http://security.ubuntu.com/ubuntu focal-security/restricted amd64 DEP-11 Metadata [212 B]
Get:94 http://security.ubuntu.com/ubuntu focal-security/restricted DEP-11 48x48 Icons [29 B]
Get:95 http://security.ubuntu.com/ubuntu focal-security/restricted DEP-11 64x64 Icons [29 B]
Get:96 http://security.ubuntu.com/ubuntu focal-security/restricted DEP-11 64x64@2 Icons [29 B]
Get:97 http://security.ubuntu.com/ubuntu focal-security/restricted DEP-11 128x128 Icons [29 B]
Get:98 http://security.ubuntu.com/ubuntu focal-security/restricted amd64 c-n-f Metadata [584 B]
Get:99 http://security.ubuntu.com/ubuntu focal-security/universe i386 Packages [698 kB]
Get:100 http://security.ubuntu.com/ubuntu focal-security/universe amd64 Packages [1,040 kB]
Get:101 http://security.ubuntu.com/ubuntu focal-security/universe Translation-en [221 kB]
Get:102 http://security.ubuntu.com/ubuntu focal-security/universe amd64 DEP-11 Metadata [160 kB]
Get:103 http://security.ubuntu.com/ubuntu focal-security/universe DEP-11 48x48 Icons [95.4 kB]
Get:104 http://security.ubuntu.com/ubuntu focal-security/universe DEP-11 64x64 Icons [166 kB]
Get:105 http://security.ubuntu.com/ubuntu focal-security/universe DEP-11 64x64@2 Icons [29 B]
Get:106 http://security.ubuntu.com/ubuntu focal-security/universe DEP-11 128x128 Icons [347 kB]
Get:107 http://security.ubuntu.com/ubuntu focal-security/universe amd64 c-n-f Metadata [22.4 kB]
Get:108 http://security.ubuntu.com/ubuntu focal-security/multiverse amd64 Packages [26.6 kB]
Get:109 http://security.ubuntu.com/ubuntu focal-security/multiverse i386 Packages [7,204 B]
Get:110 http://security.ubuntu.com/ubuntu focal-security/multiverse Translation-en [6,448 B]
Get:111 http://security.ubuntu.com/ubuntu focal-security/multiverse amd64 DEP-11 Metadata [940 B]
Get:112 http://security.ubuntu.com/ubuntu focal-security/multiverse DEP-11 48x48 Icons [1,867 B]
Get:113 http://security.ubuntu.com/ubuntu focal-security/multiverse DEP-11 64x64 Icons [2,497 B]
Get:114 http://security.ubuntu.com/ubuntu focal-security/multiverse DEP-11 64x64@2 Icons [29 B]
Get:115 http://security.ubuntu.com/ubuntu focal-security/multiverse DEP-11 128x128 Icons [29 B]
Get:116 http://security.ubuntu.com/ubuntu focal-security/multiverse amd64 c-n-f Metadata [604 B]
Get:117 http://archive.ubuntu.com/ubuntu focal-updates/main amd64 c-n-f Metadata [18.0 kB]
Get:118 http://archive.ubuntu.com/ubuntu focal-updates/restricted amd64 Packages [3,922 kB]
Get:119 http://archive.ubuntu.com/ubuntu focal-updates/restricted i386 Packages [44.1 kB]
Get:120 http://archive.ubuntu.com/ubuntu focal-updates/restricted Translation-en [548 kB]
Get:121 http://archive.ubuntu.com/ubuntu focal-updates/restricted amd64 DEP-11 Metadata [212 B]
Get:122 http://archive.ubuntu.com/ubuntu focal-updates/restricted DEP-11 48x48 Icons [29 B]
Get:123 http://archive.ubuntu.com/ubuntu focal-updates/restricted DEP-11 64x64 Icons [29 B]
Get:124 http://archive.ubuntu.com/ubuntu focal-updates/restricted DEP-11 64x64@2 Icons [29 B]
Get:125 http://archive.ubuntu.com/ubuntu focal-updates/restricted DEP-11 128x128 Icons [29 B]
Get:126 http://archive.ubuntu.com/ubuntu focal-updates/restricted amd64 c-n-f Metadata [604 B]
Get:127 http://archive.ubuntu.com/ubuntu focal-updates/universe amd64 Packages [1,262 kB]
Get:128 http://archive.ubuntu.com/ubuntu focal-updates/universe i386 Packages [823 kB]
Get:129 http://archive.ubuntu.com/ubuntu focal-updates/universe Translation-en [303 kB]
Get:130 http://archive.ubuntu.com/ubuntu focal-updates/universe amd64 DEP-11 Metadata [446 kB]
Get:131 http://archive.ubuntu.com/ubuntu focal-updates/universe DEP-11 48x48 Icons [297 kB]
Get:132 http://archive.ubuntu.com/ubuntu focal-updates/universe DEP-11 64x64 Icons [520 kB]
Get:133 http://archive.ubuntu.com/ubuntu focal-updates/universe DEP-11 64x64@2 Icons [29 B]
Get:134 http://archive.ubuntu.com/ubuntu focal-updates/universe DEP-11 128x128 Icons [1,168 kB]
Get:135 http://archive.ubuntu.com/ubuntu focal-updates/universe amd64 c-n-f Metadata [29.3 kB]
Get:136 http://archive.ubuntu.com/ubuntu focal-updates/multiverse amd64 Packages [29.7 kB]
Get:137 http://archive.ubuntu.com/ubuntu focal-updates/multiverse i386 Packages [8,440 B]
Get:138 http://archive.ubuntu.com/ubuntu focal-updates/multiverse Translation-en [8,316 B]
Get:139 http://archive.ubuntu.com/ubuntu focal-updates/multiverse amd64 DEP-11 Metadata [940 B]
Get:140 http://archive.ubuntu.com/ubuntu focal-updates/multiverse DEP-11 48x48 Icons [1,867 B]
Get:141 http://archive.ubuntu.com/ubuntu focal-updates/multiverse DEP-11 64x64 Icons [2,497 B]
Get:142 http://archive.ubuntu.com/ubuntu focal-updates/multiverse DEP-11 64x64@2 Icons [29 B]
Get:143 http://archive.ubuntu.com/ubuntu focal-updates/multiverse DEP-11 128x128 Icons [29 B]
Get:144 http://archive.ubuntu.com/ubuntu focal-updates/multiverse amd64 c-n-f Metadata [688 B]
Get:145 http://archive.ubuntu.com/ubuntu focal-backports/main i386 Packages [36.1 kB]
Get:146 http://archive.ubuntu.com/ubuntu focal-backports/main amd64 Packages [45.7 kB]
Get:147 http://archive.ubuntu.com/ubuntu focal-backports/main Translation-en [16.3 kB]
Get:148 http://archive.ubuntu.com/ubuntu focal-backports/main amd64 DEP-11 Metadata [8,008 B]
Get:149 http://archive.ubuntu.com/ubuntu focal-backports/main DEP-11 48x48 Icons [7,156 B]
Get:150 http://archive.ubuntu.com/ubuntu focal-backports/main DEP-11 64x64 Icons [10.7 kB]
Get:151 http://archive.ubuntu.com/ubuntu focal-backports/main DEP-11 64x64@2 Icons [29 B]
Get:152 http://archive.ubuntu.com/ubuntu focal-backports/main DEP-11 128x128 Icons [24.2 kB]
Get:153 http://archive.ubuntu.com/ubuntu focal-backports i386 Contents (deb) [767 kB]
Get:154 http://archive.ubuntu.com/ubuntu focal-backports amd64 Contents (deb) [806 kB]
Get:155 http://archive.ubuntu.com/ubuntu focal-backports/main amd64 c-n-f Metadata [1,420 B]
Get:156 http://archive.ubuntu.com/ubuntu focal-backports/restricted amd64 DEP-11 Metadata [216 B]
Get:157 http://archive.ubuntu.com/ubuntu focal-backports/restricted DEP-11 48x48 Icons [29 B]
Get:158 http://archive.ubuntu.com/ubuntu focal-backports/restricted DEP-11 64x64 Icons [29 B]
Get:159 http://archive.ubuntu.com/ubuntu focal-backports/restricted DEP-11 64x64@2 Icons [29 B]
Get:160 http://archive.ubuntu.com/ubuntu focal-backports/restricted DEP-11 128x128 Icons [29 B]
Get:161 http://archive.ubuntu.com/ubuntu focal-backports/restricted amd64 c-n-f Metadata [116 B]
Get:162 http://archive.ubuntu.com/ubuntu focal-backports/universe amd64 Packages [25.0 kB]
Get:163 http://archive.ubuntu.com/ubuntu focal-backports/universe i386 Packages [13.8 kB]
Get:164 http://archive.ubuntu.com/ubuntu focal-backports/universe Translation-en [16.3 kB]
Get:165 http://archive.ubuntu.com/ubuntu focal-backports/universe amd64 DEP-11 Metadata [30.5 kB]
Get:166 http://archive.ubuntu.com/ubuntu focal-backports/universe DEP-11 48x48 Icons [13.3 kB]
Get:167 http://archive.ubuntu.com/ubuntu focal-backports/universe DEP-11 64x64 Icons [22.7 kB]
Get:168 http://archive.ubuntu.com/ubuntu focal-backports/universe DEP-11 64x64@2 Icons [29 B]
Get:169 http://archive.ubuntu.com/ubuntu focal-backports/universe DEP-11 128x128 Icons [43.5 kB]
Get:170 http://archive.ubuntu.com/ubuntu focal-backports/universe amd64 c-n-f Metadata [880 B]
Get:171 http://archive.ubuntu.com/ubuntu focal-backports/multiverse amd64 DEP-11 Metadata [212 B]
Get:172 http://archive.ubuntu.com/ubuntu focal-backports/multiverse DEP-11 48x48 Icons [29 B]
Get:173 http://archive.ubuntu.com/ubuntu focal-backports/multiverse DEP-11 64x64 Icons [29 B]
Get:174 http://archive.ubuntu.com/ubuntu focal-backports/multiverse DEP-11 64x64@2 Icons [29 B]
Get:175 http://archive.ubuntu.com/ubuntu focal-backports/multiverse DEP-11 128x128 Icons [29 B]
Get:176 http://archive.ubuntu.com/ubuntu focal-backports/multiverse amd64 c-n-f Metadata [116 B]
Reading package lists...
W: GPG error: https://repository.spotify.com stable InRelease: The following signatures couldn't be verified because the public key is not available: NO_PUBKEY C85668DF69375001
E: The repository 'http://repository.spotify.com stable InRelease' is not signed.
Error - Return code: 100
mintupgrade-inhibit-power: no process found
